PROJECTS/SyncSound/app/build/outputs/mapping/release/seeds.txt
com.syncsound.app.model.DeviceStatus: com.syncsound.app.model.DeviceStatus[] values()
com.syncsound.app.MainActivity: MainActivity()
androidx.window.area.reflectionguard.WindowAreaComponentApi3Requirements: void endRearDisplaySession()
androidx.compose.ui.graphics.layer.view.PlaceholderHardwareCanvas: boolean isHardwareAccelerated()
androidx.compose.ui.layout.IntrinsicWidthHeight: androidx.compose.ui.layout.IntrinsicWidthHeight[] values()
androidx.compose.ui.platform.AbstractComposeView: void getShowLayoutBounds$annotations()
androidx.compose.material3.tokens.MotionSchemeKeyTokens: androidx.compose.material3.tokens.MotionSchemeKeyTokens valueOf(java.lang.String)
androidx.compose.ui.platform.TextToolbarStatus: androidx.compose.ui.platform.TextToolbarStatus valueOf(java.lang.String)
kotlinx.coroutines.selects.TrySelectDetailedResult: kotlinx.coroutines.selects.TrySelectDetailedResult valueOf(java.lang.String)
androidx.core.view.WindowInsetsCompat$BuilderImpl35: WindowInsetsCompat$BuilderImpl35()
androidx.lifecycle.ReportFragment$LifecycleCallbacks: void registerIn(android.app.Activity)
androidx.compose.ui.platform.AndroidComposeView: androidx.compose.ui.platform.Clipboard getClipboard()
androidx.window.area.reflectionguard.ExtensionWindowAreaStatusRequirements: android.util.DisplayMetrics getWindowAreaDisplayMetrics()
androidx.compose.ui.input.pointer.PointerInputEventHandler: java.lang.Object invoke(androidx.compose.ui.input.pointer.PointerInputScope,kotlin.coroutines.Continuation)
androidx.emoji2.text.ConcurrencyHelpers$Handler28Impl: android.os.Handler createAsync(android.os.Looper)
androidx.core.view.WindowInsetsCompat$Impl34: androidx.core.graphics.Insets getInsets(int)
androidx.compose.ui.platform.AndroidComposeView: void setConfiguration(android.content.res.Configuration)
androidx.compose.ui.unit.LayoutDirection: androidx.compose.ui.unit.LayoutDirection[] values()
androidx.core.view.WindowInsetsCompat$Impl28: androidx.core.view.WindowInsetsCompat consumeDisplayCutout()
androidx.core.view.WindowInsetsCompat$Impl: androidx.core.graphics.Insets getInsetsIgnoringVisibility(int)
androidx.core.view.WindowInsetsCompat$Impl20: androidx.core.graphics.Insets getInsets(int)
androidx.compose.ui.platform.AndroidComposeView: androidx.compose.ui.platform.TextToolbar getTextToolbar()
androidx.compose.runtime.composer.linkbuffer.SlotTableKt: void throwConcurrentModificationException()
androidx.core.view.WindowInsetsCompat$Impl35: java.util.List getBoundingRects(int)
kotlin.DeprecationLevel: kotlin.DeprecationLevel valueOf(java.lang.String)
androidx.compose.foundation.gestures.Orientation: androidx.compose.foundation.gestures.Orientation valueOf(java.lang.String)
androidx.core.app.RemoteActionCompatParcelizer: androidx.core.app.RemoteActionCompat read(androidx.versionedparcelable.VersionedParcel)
androidx.window.area.reflectionguard.WindowAreaComponentApi3Requirements: android.util.DisplayMetrics getRearDisplayMetrics()
kotlinx.coroutines.CoroutineStart: kotlinx.coroutines.CoroutineStart valueOf(java.lang.String)
androidx.compose.ui.platform.AndroidComposeView: long getMeasureIteration()
androidx.core.view.WindowInsetsCompat$Impl: androidx.core.graphics.Insets getSystemGestureInsets()
androidx.compose.ui.autofill.AutofillType: androidx.compose.ui.autofill.AutofillType valueOf(java.lang.String)
kotlin.text.RegexOption: kotlin.text.RegexOption[] values()
androidx.compose.ui.platform.AndroidComposeView: android.view.View getView()
androidx.compose.ui.platform.AndroidComposeView: void setUncaughtExceptionHandler(androidx.compose.ui.node.RootForTest$UncaughtExceptionHandler)
androidx.compose.foundation.gestures.DragDetectionState$AwaitDown$AwaitTouchSlop: androidx.compose.foundation.gestures.DragDetectionState$AwaitDown$AwaitTouchSlop[] values()
androidx.compose.animation.core.RepeatMode: androidx.compose.animation.core.RepeatMode valueOf(java.lang.String)