PROJECTS/SyncSound/app/build/outputs/mapping/release/usage.txt
androidx.compose.material3.internal.ChildSemanticsNodeElement:
    static void <clinit>()
    public static androidx.compose.material3.internal.ChildSemanticsNode create()
    public static void update$37()
androidx.compose.material3.internal.DefaultPlatformTextStyle_androidKt:
    public static final androidx.compose.ui.text.PlatformTextStyle defaultPlatformTextStyle()
androidx.compose.material3.internal.ElevationDefaults
androidx.compose.material3.internal.ElevationKt:
    public static final androidx.compose.animation.core.CubicBezierEasing OutgoingSpecEasing
androidx.compose.material3.internal.FloatProducer
androidx.compose.material3.internal.InputPhase:
    public static final synthetic kotlin.enums.EnumEntries $ENTRIES
androidx.compose.material3.internal.ParentSemanticsNode
androidx.compose.material3.internal.Strings$Companion
androidx.compose.material3.internal.Strings
androidx.compose.material3.internal.Strings_androidKt
androidx.compose.material3.internal.System_jvmKt
androidx.compose.material3.internal.TextFieldImplKt$$InternalSyntheticLambda$10$a5ca3bca5d7513605078eaa5445e399bbe396e0ba29319b4d97ea0b834bf9055$0
androidx.compose.material3.internal.TextFieldImplKt$$InternalSyntheticLambda$11$3e32256530727bcd2f1bb1a581fc2bc1465c9f48ad27d4a63e1d2048e6d77047$2:
    public final synthetic androidx.compose.material3.TextFieldLabelPosition$Attached f$0
androidx.compose.material3.internal.TextFieldImplKt$$InternalSyntheticLambda$11$3e32256530727bcd2f1bb1a581fc2bc1465c9f48ad27d4a63e1d2048e6d77047$3:
    public final synthetic androidx.compose.material3.internal.TextFieldType f$0
    public final synthetic kotlin.jvm.functions.Function2 f$10
    public final synthetic boolean f$13
    public final synthetic kotlin.jvm.functions.Function2 f$7
    public final synthetic kotlin.jvm.functions.Function2 f$8
    public final synthetic kotlin.jvm.functions.Function2 f$9
androidx.compose.material3.internal.TextFieldImplKt$$InternalSyntheticLambda$12$ebf5cd869bd86c67e13c0a4aaf7f953fd21551044867eb245360c8aa62717ae6$0:
    public final synthetic int f$2
androidx.compose.material3.internal.TextFieldImplKt$$InternalSyntheticThrowCCEIfNotNull$34$7cae76a44d14aaec1936b21353527f40dd44dde8450b4d8ced507884c193b290$0
androidx.compose.material3.internal.TextFieldImplKt$$InternalSyntheticThrowCCEIfNotNull$34$f433fa1a3518d2b4c29cf9bdfb979368d2edbfa021a2ed7f02c9398eca855cf6$0
androidx.compose.material3.internal.TextFieldImplKt$CommonDecorationBox$3$1
androidx.compose.material3.internal.TextFieldImplKt$CommonDecorationBox$3$borderContainerWithId$1:
    public final void invoke()
androidx.compose.material3.internal.TextFieldImplKt$CommonDecorationBox$3$containerWithId$1
androidx.compose.material3.internal.TextFieldImplKt$CommonDecorationBox$3$decoratedLabel$1$1$1:
    public final void invoke()
androidx.compose.material3.internal.TextFieldImplKt$CommonDecorationBox$3$decoratedLabel$1$1:
    public final void invoke()
androidx.compose.material3.internal.TextFieldImplKt$CommonDecorationBox$3$decoratedLeading$1$1:
    public final void invoke()
androidx.compose.material3.internal.TextFieldImplKt$CommonDecorationBox$3$decoratedPlaceholder$1:
    public static void invoke$12()
androidx.compose.material3.internal.TextFieldImplKt$CommonDecorationBox$3$decoratedPrefix$1$$InternalSyntheticLambda$12$105a842e2c56b1cbd07dddb2db26b23847358561461689774701d08acd8c82d6$0
androidx.compose.material3.internal.TextFieldImplKt$CommonDecorationBox$3$decoratedPrefix$1
androidx.compose.material3.internal.TextFieldImplKt$CommonDecorationBox$3$decoratedSuffix$1$$InternalSyntheticLambda$12$0dae080d4bd9b4b2f2eef2facb9e57a81a10a0a77ce2fe0d62034d6bff762d05$0
androidx.compose.material3.internal.TextFieldImplKt$CommonDecorationBox$3$decoratedSuffix$1
androidx.compose.material3.internal.TextFieldImplKt$CommonDecorationBox$3$decoratedSupporting$1$1
androidx.compose.material3.internal.TextFieldImplKt$CommonDecorationBox$3$decoratedTrailing$1$1